app/build/intermediates/manifest_merge_blame_file/debug/manifest-merger-blame-debug-report.txt
1<?xml version="1.0" encoding="utf-8"?>
2<manifest xmlns:android="http://schemas.android.com/apk/res/android"
3    package="com.example.runtastic"
4    android:versionCode="1"
5    android:versionName="1.0" >
6
7    <uses-sdk
8        android:minSdkVersion="23"
8-->src\main\AndroidManifest.xml
9        android:targetSdkVersion="30" />
9-->src\main\AndroidManifest.xml
10
11    <uses-permission android:name="android.permission.ACCESS_FINE_LOCATION" />
11-->src\main\AndroidManifest.xml:5:5-78
11-->src\main\AndroidManifest.xml:5:22-76
12    <uses-permission android:name="android.permission.ACCESS_COARSE_LOCATION" />
12-->src\main\AndroidManifest.xml:6:5-80
12-->src\main\AndroidManifest.xml:6:22-78
13    <uses-permission android:name="android.permission.ACCESS_BACKGROUND_LOCATION" />
13-->src\main\AndroidManifest.xml:7:5-84
13-->src\main\AndroidManifest.xml:7:22-82
14    <uses-permission android:name="android.permission.FOREGROUND_SERVICE" />
14-->src\main\AndroidManifest.xml:8:5-76
14-->src\main\AndroidManifest.xml:8:22-74
15
16    <!-- Include required permissions for Google Maps API to run. -->
17    <uses-permission android:name="android.permission.ACCESS_NETWORK_STATE" />
17-->[com.google.android.gms:play-services-maps:17.0.0] AndroidManifest.xml:23:5-79
17-->[com.google.android.gms:play-services-maps:17.0.0] AndroidManifest.xml:23:22-76
18    <uses-permission android:name="android.permission.INTERNET" />
18-->[com.google.android.gms:play-services-maps:17.0.0] AndroidManifest.xml:24:5-67
18-->[com.google.android.gms:play-services-maps:17.0.0] AndroidManifest.xml:24:22-64
19
20    <uses-feature
20-->[com.google.android.gms:play-services-maps:17.0.0] AndroidManifest.xml:26:5-28:35
21        android:glEsVersion="0x00020000"
21-->[com.google.android.gms:play-services-maps:17.0.0] AndroidManifest.xml:27:9-41
22        android:required="true" />
22-->[com.google.android.gms:play-services-maps:17.0.0] AndroidManifest.xml:28:9-32
23
24    <application
24-->src\main\AndroidManifest.xml:11:5-38:19
25        android:name="com.example.runtastic.BaseApplication"
25-->src\main\AndroidManifest.xml:12:9-40
26        android:allowBackup="true"
26-->src\main\AndroidManifest.xml:13:9-35
27        android:appComponentFactory="androidx.core.app.CoreComponentFactory"
27-->[androidx.core:core:1.3.1] AndroidManifest.xml:24:18-86
28        android:debuggable="true"
29        android:extractNativeLibs="false"
30        android:icon="@mipmap/ic_launcher"
30-->src\main\AndroidManifest.xml:14:9-43
31        android:label="@string/app_name"
31-->src\main\AndroidManifest.xml:15:9-41
32        android:roundIcon="@mipmap/ic_launcher_round"
32-->src\main\AndroidManifest.xml:16:9-54
33        android:supportsRtl="true"
33-->src\main\AndroidManifest.xml:17:9-35
34        android:theme="@style/AppTheme" >
34-->src\main\AndroidManifest.xml:18:9-40
35        <activity
35-->src\main\AndroidManifest.xml:19:9-26:20
36            android:name="com.example.runtastic.ui.MainActivity"
36-->src\main\AndroidManifest.xml:19:19-50
37            android:launchMode="singleInstance" >
37-->src\main\AndroidManifest.xml:20:13-48
38            <intent-filter>
38-->src\main\AndroidManifest.xml:21:13-25:29
39                <action android:name="android.intent.action.MAIN" />
39-->src\main\AndroidManifest.xml:22:17-69
39-->src\main\AndroidManifest.xml:22:25-66
40
41                <category android:name="android.intent.category.LAUNCHER" />
41-->src\main\AndroidManifest.xml:24:17-77
41-->src\main\AndroidManifest.xml:24:27-74
42            </intent-filter>
43        </activity>
44
45        <service
45-->src\main\AndroidManifest.xml:28:9-29:55
46            android:name="com.example.runtastic.Services.TrackingService"
46-->src\main\AndroidManifest.xml:28:18-58
47            android:foregroundServiceType="location" />
47-->src\main\AndroidManifest.xml:29:13-53
48
49        <meta-data
49-->src\main\AndroidManifest.xml:32:9-34:68
50            android:name="com.google.android.gms.version"
50-->src\main\AndroidManifest.xml:33:13-58
51            android:value="@integer/google_play_services_version" />
51-->src\main\AndroidManifest.xml:34:13-66
52        <meta-data
52-->src\main\AndroidManifest.xml:35:9-37:54
53            android:name="com.google.android.geo.API_KEY"
53-->src\main\AndroidManifest.xml:36:14-59
54            android:value="@string/google_maps_key" />
54-->src\main\AndroidManifest.xml:37:13-52
55
56        <activity
56-->[pub.devrel:easypermissions:3.0.0] AndroidManifest.xml:12:9-16:66
57            android:name="pub.devrel.easypermissions.AppSettingsDialogHolderActivity"
57-->[pub.devrel:easypermissions:3.0.0] AndroidManifest.xml:13:13-86
58            android:exported="false"
58-->[pub.devrel:easypermissions:3.0.0] AndroidManifest.xml:14:13-37
59            android:label=""
59-->[pub.devrel:easypermissions:3.0.0] AndroidManifest.xml:15:13-29
60            android:theme="@style/EasyPermissions.Transparent" />
60-->[pub.devrel:easypermissions:3.0.0] AndroidManifest.xml:16:13-63
61
62        <service
62-->[androidx.room:room-runtime:2.2.5] AndroidManifest.xml:25:9-28:40
63            android:name="androidx.room.MultiInstanceInvalidationService"
63-->[androidx.room:room-runtime:2.2.5] AndroidManifest.xml:26:13-74
64            android:directBootAware="true"
64-->[androidx.room:room-runtime:2.2.5] AndroidManifest.xml:27:13-43
65            android:exported="false" /> <!-- Needs to be explicitly declared on P+ -->
65-->[androidx.room:room-runtime:2.2.5] AndroidManifest.xml:28:13-37
66        <uses-library
66-->[com.google.android.gms:play-services-maps:17.0.0] AndroidManifest.xml:33:9-35:40
67            android:name="org.apache.http.legacy"
67-->[com.google.android.gms:play-services-maps:17.0.0] AndroidManifest.xml:34:13-50
68            android:required="false" />
68-->[com.google.android.gms:play-services-maps:17.0.0] AndroidManifest.xml:35:13-37
69
70        <activity
70-->[com.google.android.gms:play-services-base:17.0.0] AndroidManifest.xml:23:9-26:75
71            android:name="com.google.android.gms.common.api.GoogleApiActivity"
71-->[com.google.android.gms:play-services-base:17.0.0] AndroidManifest.xml:24:13-79
72            android:exported="false"
72-->[com.google.android.gms:play-services-base:17.0.0] AndroidManifest.xml:25:13-37
73            android:theme="@android:style/Theme.Translucent.NoTitleBar" />
73-->[com.google.android.gms:play-services-base:17.0.0] AndroidManifest.xml:26:13-72
74
75        <provider
75-->[androidx.lifecycle:lifecycle-process:2.0.0] AndroidManifest.xml:23:9-27:43
76            android:name="androidx.lifecycle.ProcessLifecycleOwnerInitializer"
76-->[androidx.lifecycle:lifecycle-process:2.0.0] AndroidManifest.xml:24:13-79
77            android:authorities="com.example.runtastic.lifecycle-process"
77-->[androidx.lifecycle:lifecycle-process:2.0.0] AndroidManifest.xml:25:13-69
78            android:exported="false"
78-->[androidx.lifecycle:lifecycle-process:2.0.0] AndroidManifest.xml:26:13-37
79            android:multiprocess="true" />
79-->[androidx.lifecycle:lifecycle-process:2.0.0] AndroidManifest.xml:27:13-40
80    </application>
81
82</manifest>